<?xml version="1.0" encoding="UTF-8"?>
<!-- Generated by org.testng.reporters.JUnitReportReporter -->
<testsuite skipped="0" hostname="Korkai" name="com.test.testmain.DriverHybridTest" tests="2" failures="0" timestamp="11 Jan 2018 14:41:07 GMT" time="6.968" errors="0">
  <testcase name="hybridTest" time="6.165" classname="com.test.testmain.DriverHybridTest"/>
  <testcase name="tearDown" time="0.803" classname="com.test.testmain.DriverHybridTest"/>
</testsuite> <!-- com.test.testmain.DriverHybridTest -->
